#
# A fatal error has been detected by the Java Runtime Environment:
#
#  EXCEPTION_ACCESS_VIOLATION (0xc0000005) at pc=0x00007ff9baedb678, pid=13648, tid=24480
#
# JRE version: Java(TM) SE Runtime Environment (17.0.4.1+1) (build 17.0.4.1+1-LTS-2)
# Java VM: Java HotSpot(TM) 64-Bit Server VM (17.0.4.1+1-LTS-2, mixed mode, emulated-client, sharing, tiered, compressed oops, compressed class ptrs, g1 gc, windows-amd64)
# Problematic frame:
# V  [jvm.dll+0x23b678]
#
# No core dump will be written. Minidumps are not enabled by default on client versions of Windows
#
# If you would like to submit a bug report, please visit:
#   https://bugreport.java.com/bugreport/crash.jsp
#

---------------  S U M M A R Y ------------

Command Line: -javaagent:C:\Users\admin\.IntelliJIdea2019.3\system\testAgent\intellij-coverage-agent-1.0.508.jar=C:\Users\admin\AppData\Local\Temp\coverageargs -XX:TieredStopAtLevel=1 -Xverify:none -Dspring.output.ansi.enabled=always -Dcom.sun.management.jmxremote -Dspring.jmx.enabled=true -Dspring.liveBeansView.mbeanDomain -Dspring.application.admin.enabled=true -Didea.launcher.port=49974 -Didea.launcher.bin.path=C:\Users\admin\.IdeaIC2019.3\IntelliJ IDEA 2019.3.1\bin -Dfile.encoding=UTF-8 com.intellij.rt.execution.application.AppMainV2 com.example.baitap5.Baitap5Application

Host: Intel(R) Core(TM) i7-9750H CPU @ 2.60GHz, 12 cores, 15G,  Windows 11 , 64 bit Build 22621 (10.0.22621.963)
Time: Mon Dec 26 14:12:24 2022 SE Asia Standard Time elapsed time: 0.653089 seconds (0d 0h 0m 0s)

---------------  T H R E A D  ---------------

Current thread (0x0000019655cd00d0):  JavaThread "restartedMain" [_thread_in_vm, id=24480, stack(0x0000000c0b500000,0x0000000c0b600000)]

Stack: [0x0000000c0b500000,0x0000000c0b600000],  sp=0x0000000c0b5fa088,  free space=1000k
Native frames: (J=compiled Java code, j=interpreted, Vv=VM code, C=native code)
V  [jvm.dll+0x23b678]

Java frames: (J=compiled Java code, j=interpreted, Vv=VM code)
J 1481  java.lang.ClassLoader.defineClass1(Ljava/lang/ClassLoader;Ljava/lang/String;[BIILjava/security/ProtectionDomain;Ljava/lang/String;)Ljava/lang/Class; java.base@17.0.4.1 (0 bytes) @ 0x000001964503dde3 [0x000001964503dd20+0x00000000000000c3]
j  java.lang.ClassLoader.defineClass(Ljava/lang/String;[BIILjava/security/ProtectionDomain;)Ljava/lang/Class;+27 java.base@17.0.4.1
J 1497 c1 jdk.internal.loader.BuiltinClassLoader.defineClass(Ljava/lang/String;Ljdk/internal/loader/Resource;)Ljava/lang/Class; java.base@17.0.4.1 (121 bytes) @ 0x0000019645046c74 [0x00000196450467a0+0x00000000000004d4]
J 1480 c1 jdk.internal.loader.BuiltinClassLoader.findClassOnClassPathOrNull(Ljava/lang/String;)Ljava/lang/Class; java.base@17.0.4.1 (64 bytes) @ 0x000001964503e5c4 [0x000001964503e300+0x00000000000002c4]
J 1271 c1 jdk.internal.loader.BuiltinClassLoader.loadClassOrNull(Ljava/lang/String;Z)Ljava/lang/Class; java.base@17.0.4.1 (143 bytes) @ 0x0000019644fe4f84 [0x0000019644fe4b00+0x0000000000000484]
J 1371 c1 jdk.internal.loader.ClassLoaders$AppClassLoader.loadClass(Ljava/lang/String;Z)Ljava/lang/Class; java.base@17.0.4.1 (40 bytes) @ 0x000001964501222c [0x00000196450120e0+0x000000000000014c]
J 1367 c1 java.lang.ClassLoader.loadClass(Ljava/lang/String;)Ljava/lang/Class; java.base@17.0.4.1 (7 bytes) @ 0x0000019645011064 [0x0000019645011020+0x0000000000000044]
v  ~StubRoutines::call_stub
j  org.springframework.core.annotation.IntrospectionFailureLogger.<clinit>()V+13
v  ~StubRoutines::call_stub
j  org.springframework.core.annotation.AnnotationTypeMappings.<clinit>()V+13
v  ~StubRoutines::call_stub
j  org.springframework.core.annotation.TypeMappedAnnotations$MergedAnnotationFinder.process(Ljava/lang/Object;ILjava/lang/Object;Ljava/lang/annotation/Annotation;)Lorg/springframework/core/annotation/MergedAnnotation;+105
j  org.springframework.core.annotation.TypeMappedAnnotations$MergedAnnotationFinder.doWithAnnotations(Ljava/lang/Object;ILjava/lang/Object;[Ljava/lang/annotation/Annotation;)Lorg/springframework/core/annotation/MergedAnnotation;+85
j  org.springframework.core.annotation.TypeMappedAnnotations$MergedAnnotationFinder.doWithAnnotations(Ljava/lang/Object;ILjava/lang/Object;[Ljava/lang/annotation/Annotation;)Ljava/lang/Object;+6
j  org.springframework.core.annotation.AnnotationsScanner.processClassHierarchy(Ljava/lang/Object;[ILjava/lang/Class;Lorg/springframework/core/annotation/AnnotationsProcessor;ZLjava/util/function/Predicate;)Ljava/lang/Object;+107
j  org.springframework.core.annotation.AnnotationsScanner.processClassHierarchy(Ljava/lang/Object;Ljava/lang/Class;Lorg/springframework/core/annotation/AnnotationsProcessor;ZLjava/util/function/Predicate;)Ljava/lang/Object;+28
j  org.springframework.core.annotation.AnnotationsScanner.processClass(Ljava/lang/Object;Ljava/lang/Class;Lorg/springframework/core/annotation/MergedAnnotations$SearchStrategy;Ljava/util/function/Predicate;Lorg/springframework/core/annotation/AnnotationsProcessor;)Ljava/lang/Object;+133
j  org.springframework.core.annotation.AnnotationsScanner.process(Ljava/lang/Object;Ljava/lang/reflect/AnnotatedElement;Lorg/springframework/core/annotation/MergedAnnotations$SearchStrategy;Ljava/util/function/Predicate;Lorg/springframework/core/annotation/AnnotationsProcessor;)Ljava/lang/Object;+43
j  org.springframework.core.annotation.AnnotationsScanner.scan(Ljava/lang/Object;Ljava/lang/reflect/AnnotatedElement;Lorg/springframework/core/annotation/MergedAnnotations$SearchStrategy;Ljava/util/function/Predicate;Lorg/springframework/core/annotation/AnnotationsProcessor;)Ljava/lang/Object;+21
j  org.springframework.core.annotation.TypeMappedAnnotations.scan(Ljava/lang/Object;Lorg/springframework/core/annotation/AnnotationsProcessor;)Ljava/lang/Object;+103
j  org.springframework.core.annotation.TypeMappedAnnotations.get(Ljava/lang/Class;Ljava/util/function/Predicate;Lorg/springframework/core/annotation/MergedAnnotationSelector;)Lorg/springframework/core/annotation/MergedAnnotation;+61
j  org.springframework.core.annotation.TypeMappedAnnotations.get(Ljava/lang/Class;)Lorg/springframework/core/annotation/MergedAnnotation;+17
j  org.springframework.core.annotation.OrderUtils.findOrder(Lorg/springframework/core/annotation/MergedAnnotations;)Ljava/lang/Integer;+16
j  org.springframework.core.annotation.OrderUtils.getOrderFromAnnotations(Ljava/lang/reflect/AnnotatedElement;Lorg/springframework/core/annotation/MergedAnnotations;)Ljava/lang/Integer;+95
j  org.springframework.core.annotation.AnnotationAwareOrderComparator.findOrderFromAnnotation(Ljava/lang/Object;)Ljava/lang/Integer;+58
j  org.springframework.core.annotation.AnnotationAwareOrderComparator.findOrder(Ljava/lang/Object;)Ljava/lang/Integer;+48
j  org.springframework.core.OrderComparator.getOrder(Ljava/lang/Object;)I+26
j  org.springframework.core.OrderComparator.getOrder(Ljava/lang/Object;Lorg/springframework/core/OrderComparator$OrderSourceProvider;)I+203
j  org.springframework.core.OrderComparator.doCompare(Ljava/lang/Object;Ljava/lang/Object;Lorg/springframework/core/OrderComparator$OrderSourceProvider;)I+102
j  org.springframework.core.OrderComparator.compare(Ljava/lang/Object;Ljava/lang/Object;)I+17
j  java.util.TimSort.countRunAndMakeAscending([Ljava/lang/Object;IILjava/util/Comparator;)I+43 java.base@17.0.4.1
j  java.util.TimSort.sort([Ljava/lang/Object;IILjava/util/Comparator;[Ljava/lang/Object;II)V+60 java.base@17.0.4.1
j  java.util.Arrays.sort([Ljava/lang/Object;IILjava/util/Comparator;)V+43 java.base@17.0.4.1
j  java.util.ArrayList.sort(Ljava/util/Comparator;)V+15 java.base@17.0.4.1
j  org.springframework.core.annotation.AnnotationAwareOrderComparator.sort(Ljava/util/List;)V+34
j  org.springframework.core.io.support.SpringFactoriesLoader.load(Ljava/lang/Class;Lorg/springframework/core/io/support/SpringFactoriesLoader$ArgumentResolver;Lorg/springframework/core/io/support/SpringFactoriesLoader$FailureHandler;)Ljava/util/List;+219
j  org.springframework.core.io.support.SpringFactoriesLoader.load(Ljava/lang/Class;)Ljava/util/List;+17
j  org.springframework.core.io.support.SpringFactoriesLoader.loadFactories(Ljava/lang/Class;Ljava/lang/ClassLoader;)Ljava/util/List;+18
j  org.springframework.boot.logging.LoggingSystemFactory.lambda$fromSpringFactories$0(Ljava/lang/ClassLoader;)Ljava/util/List;+16
j  org.springframework.boot.logging.LoggingSystemFactory$$Lambda$154+0x0000000800cf1a28.apply(Ljava/lang/Object;)Ljava/lang/Object;+4
j  org.springframework.boot.logging.DelegatingLoggingSystemFactory.getLoggingSystem(Ljava/lang/ClassLoader;)Lorg/springframework/boot/logging/LoggingSystem;+25
j  org.springframework.boot.logging.LoggingSystem.get(Ljava/lang/ClassLoader;)Lorg/springframework/boot/logging/LoggingSystem;+89
j  org.springframework.boot.context.logging.LoggingApplicationListener.onApplicationStartingEvent(Lorg/springframework/boot/context/event/ApplicationStartingEvent;)V+21
j  org.springframework.boot.context.logging.LoggingApplicationListener.onApplicationEvent(Lorg/springframework/context/ApplicationEvent;)V+34
j  org.springframework.context.event.SimpleApplicationEventMulticaster.doInvokeListener(Lorg/springframework/context/ApplicationListener;Lorg/springframework/context/ApplicationEvent;)V+15
j  org.springframework.context.event.SimpleApplicationEventMulticaster.invokeListener(Lorg/springframework/context/ApplicationListener;Lorg/springframework/context/ApplicationEvent;)V+99
j  org.springframework.context.event.SimpleApplicationEventMulticaster.multicastEvent(Lorg/springframework/context/ApplicationEvent;Lorg/springframework/core/ResolvableType;)V+133
j  org.springframework.context.event.SimpleApplicationEventMulticaster.multicastEvent(Lorg/springframework/context/ApplicationEvent;)V+20
j  org.springframework.boot.context.event.EventPublishingRunListener.multicastInitialEvent(Lorg/springframework/context/ApplicationEvent;)V+29
j  org.springframework.boot.context.event.EventPublishingRunListener.starting(Lorg/springframework/boot/ConfigurableBootstrapContext;)V+30
j  org.springframework.boot.SpringApplicationRunListeners.lambda$starting$0(Lorg/springframework/boot/ConfigurableBootstrapContext;Lorg/springframework/boot/SpringApplicationRunListener;)V+15
j  org.springframework.boot.SpringApplicationRunListeners$$Lambda$141+0x0000000800cef510.accept(Ljava/lang/Object;)V+8
j  java.lang.Iterable.forEach(Ljava/util/function/Consumer;)V+30 java.base@17.0.4.1
j  org.springframework.boot.SpringApplicationRunListeners.doWithListeners(Ljava/lang/String;Ljava/util/function/Consumer;Ljava/util/function/Consumer;)V+40
j  org.springframework.boot.SpringApplicationRunListeners.starting(Lorg/springframework/boot/ConfigurableBootstrapContext;Ljava/lang/Class;)V+28
j  org.springframework.boot.SpringApplication.run([Ljava/lang/String;)Lorg/springframework/context/ConfigurableApplicationContext;+80
j  org.springframework.boot.SpringApplication.run([Ljava/lang/Class;[Ljava/lang/String;)Lorg/springframework/context/ConfigurableApplicationContext;+22
j  org.springframework.boot.SpringApplication.run(Ljava/lang/Class;[Ljava/lang/String;)Lorg/springframework/context/ConfigurableApplicationContext;+22
j  com.example.baitap5.Baitap5Application.main([Ljava/lang/String;)V+16
v  ~StubRoutines::call_stub
j  jdk.internal.reflect.NativeMethodAccessorImpl.invoke0(Ljava/lang/reflect/Method;Ljava/lang/Object;[Ljava/lang/Object;)Ljava/lang/Object;+0 java.base@17.0.4.1
j  jdk.internal.reflect.NativeMethodAccessorImpl.invoke(Ljava/lang/Object;[Ljava/lang/Object;)Ljava/lang/Object;+133 java.base@17.0.4.1
j  jdk.internal.reflect.DelegatingMethodAccessorImpl.invoke(Ljava/lang/Object;[Ljava/lang/Object;)Ljava/lang/Object;+6 java.base@17.0.4.1
j  java.lang.reflect.Method.invoke(Ljava/lang/Object;[Ljava/lang/Object;)Ljava/lang/Object;+59 java.base@17.0.4.1
j  org.springframework.boot.devtools.restart.RestartLauncher.run()V+69
v  ~StubRoutines::call_stub

siginfo: EXCEPTION_ACCESS_VIOLATION (0xc0000005), reading address 0x0000019654aeeb10


Register to memory mapping:

RIP=0x00007ff9baedb678 jvm.dll
RAX=0x0000000000005559 is an unknown value
RBX=0x0000000000000001 is an unknown value
RCX=0x0000019654ac4000 is pointing into metadata
RDX=0x000000000000003a is an unknown value
RSP=0x0000000c0b5fa088 is pointing into the stack for thread: 0x0000019655cd00d0
RBP=0x000000000000003a is an unknown value
RSI=0x0000000000000006 is an unknown value
RDI=0x0000000800cf91a0 is a pointer to class: 
org.springframework.core.annotation.IntrospectionFailureLogger {0x0000000800cf91a8}
 - instance size:     3
 - klass size:        75
 - access:            synchronized abstract 
 - state:             being_initialized
 - name:              'org/springframework/core/annotation/IntrospectionFailureLogger'
 - super:             'java/lang/Enum'
 - sub:               
 - arrays:            NULL
 - methods:           Array<T>(0x0000019654ac4570)
 - method ordering:   Array<T>(0x00000008008f2760)
 - default_methods:   Array<T>(0x0000000000000000)
 - local interfaces:  Array<T>(0x00000008005cfbe0)
 - trans. interfaces: Array<T>(0x00000008005d57a0)
 - constants:         constant pool [136]/operands[10] {0x0000019654ac4008} for 'org/springframework/core/annotation/IntrospectionFailureLogger' cache=0x0000019654abfda8
 - class loader data:  loader data: 0x0000019654d13300 for instance a 'jdk/internal/loader/ClassLoaders$AppClassLoader'{0x0000000702979098}
 - source file:       'IntrospectionFailureLogger.java'
 - class annotations:       Array<T>(0x0000000000000000)
 - class type annotations:  Array<T>(0x0000000000000000)
 - field annotations:       Array<T>(0x0000019654ac4510)
 - field type annotations:  Array<T>(0x0000000000000000)
 - generic signature: 'Ljava/lang/Enum<Lorg/springframework/core/annotation/IntrospectionFailureLogger;>;'
 - inner classes:     Array<T>(0x0000019654ac4cf0)
 - nest members:     Array<T>(0x0000019654ac4d18)
 - permitted subclasses:     Array<T>(0x0000019654ac4d28)
 - java mirror:       a 'java/lang/Class'{0x00000007119ddd90} = 'org/springframework/core/annotation/IntrospectionFailureLogger'
 - vtable length      9  (start addr: 0x0000000800cf9368)
 - itable length      8 (start addr: 0x0000000800cf93b0)
 - ---- static fields (2 words):
 - public static final 'DEBUG' 'Lorg/springframework/core/annotation/IntrospectionFailureLogger;' @112 
 - public static final 'INFO' 'Lorg/springframework/core/annotation/IntrospectionFailureLogger;' @116 
 - private static 'logger' 'Lorg/apache/commons/logging/Log;' @120 
 - private static final synthetic '$VALUES' '[Lorg/springframework/core/annotation/IntrospectionFailureLogger;' @124 
 - ---- non-static fields (2 words):
 - private final 'ordinal' 'I' @12 
 - private final 'name' 'Ljava/lang/String;' @16 
 - non-static oop maps: 16-16 
R8 =0x0000000000000004 is an unknown value
R9 =0x0000000800cf93f8 is a pointer to class: 
org.springframework.core.annotation.IntrospectionFailureLogger$1 {0x0000000800cf9400}
 - instance size:     3
 - klass size:        75
 - access:            final synchronized 
 - state:             allocated
 - name:              'org/springframework/core/annotation/IntrospectionFailureLogger$1'
 - super:             'org/springframework/core/annotation/IntrospectionFailureLogger'
 - sub:               
 - arrays:            NULL
 - methods:           Array<T>(0x0000019654ac5008)
 - method ordering:   Array<T>(0x00000008008f2760)
 - default_methods:   Array<T>(0x0000000000000000)
 - local interfaces:  Array<T>(0x00000008005cfbe0)
 - trans. interfaces: Array<T>(0x00000008005d57a0)
 - constants:         constant pool [55] {0x0000019654ac4dd8} for 'org/springframework/core/annotation/IntrospectionFailureLogger$1'
 - class loader data:  loader data: 0x0000019654d13300 for instance a 'jdk/internal/loader/ClassLoaders$AppClassLoader'{0x0000000702979098}
 - source file:       'IntrospectionFailureLogger.java'
 - class annotations:       Array<T>(0x0000000000000000)
 - class type annotations:  Array<T>(0x0000000000000000)
 - field annotations:       Array<T>(0x0000000000000000)
 - field type annotations:  Array<T>(0x0000000000000000)
 - inner classes:     Array<T>(0x0000019654ac5288)
 - nest members:     Array<T>(0x00000008005cfb70)
 - permitted subclasses:     Array<T>(0x00000008005cfb70)
 - java mirror:       NULL
 - vtable length      9  (start addr: 0x0000000800cf95c0)
 - itable length      8 (start addr: 0x0000000800cf9608)
 - ---- static fields (0 words):
 - ---- non-static fields (2 words):
 - private final 'ordinal' 'I' @12 
 - private final 'name' 'Ljava/lang/String;' @16 
 - non-static oop maps: 16-16 
R10=0x00007ffa465c0000 VCRUNTIME140.dll
R11=0x0000019654184c60 points into unknown readable memory: 0x000000080000006d | 6d 00 00 00 08 00 00 00
R12=0x0000019655cd00d0 is a thread
R13=0x0000019655cd00d0 is a thread
R14=0x0000000800cf93f8 is a pointer to class: 
org.springframework.core.annotation.IntrospectionFailureLogger$1 {0x0000000800cf9400}
 - instance size:     3
 - klass size:        75
 - access:            final synchronized 
 - state:             allocated
 - name:              'org/springframework/core/annotation/IntrospectionFailureLogger$1'
 - super:             'org/springframework/core/annotation/IntrospectionFailureLogger'
 - sub:               
 - arrays:            NULL
 - methods:           Array<T>(0x0000019654ac5008)
 - method ordering:   Array<T>(0x00000008008f2760)
 - default_methods:   Array<T>(0x0000000000000000)
 - local interfaces:  Array<T>(0x00000008005cfbe0)
 - trans. interfaces: Array<T>(0x00000008005d57a0)
 - constants:         constant pool [55] {0x0000019654ac4dd8} for 'org/springframework/core/annotation/IntrospectionFailureLogger$1'
 - class loader data:  loader data: 0x0000019654d13300 for instance a 'jdk/internal/loader/ClassLoaders$AppClassLoader'{0x0000000702979098}
 - source file:       'IntrospectionFailureLogger.java'
 - class annotations:       Array<T>(0x0000000000000000)
 - class type annotations:  Array<T>(0x0000000000000000)
 - field annotations:       Array<T>(0x0000000000000000)
 - field type annotations:  Array<T>(0x0000000000000000)
 - inner classes:     Array<T>(0x0000019654ac5288)
 - nest members:     Array<T>(0x00000008005cfb70)
 - permitted subclasses:     Array<T>(0x00000008005cfb70)
 - java mirror:       NULL
 - vtable length      9  (start addr: 0x0000000800cf95c0)
 - itable length      8 (start addr: 0x0000000800cf9608)
 - ---- static fields (0 words):
 - ---- non-static fields (2 words):
 - private final 'ordinal' 'I' @12 
 - private final 'name' 'Ljava/lang/String;' @16 
 - non-static oop maps: 16-16 
R15=0x0000000800cf93f8 is a pointer to class: 
org.springframework.core.annotation.IntrospectionFailureLogger$1 {0x0000000800cf9400}
 - instance size:     3
 - klass size:        75
 - access:            final synchronized 
 - state:             allocated
 - name:              'org/springframework/core/annotation/IntrospectionFailureLogger$1'
 - super:             'org/springframework/core/annotation/IntrospectionFailureLogger'
 - sub:               
 - arrays:            NULL
 - methods:           Array<T>(0x0000019654ac5008)
 - method ordering:   Array<T>(0x00000008008f2760)
 - default_methods:   Array<T>(0x0000000000000000)
 - local interfaces:  Array<T>(0x00000008005cfbe0)
 - trans. interfaces: Array<T>(0x00000008005d57a0)
 - constants:         constant pool [55] {0x0000019654ac4dd8} for 'org/springframework/core/annotation/IntrospectionFailureLogger$1'
 - class loader data:  loader data: 0x0000019654d13300 for instance a 'jdk/internal/loader/ClassLoaders$AppClassLoader'{0x0000000702979098}
 - source file:       'IntrospectionFailureLogger.java'
 - class annotations:       Array<T>(0x0000000000000000)
 - class type annotations:  Array<T>(0x0000000000000000)
 - field annotations:       Array<T>(0x0000000000000000)
 - field type annotations:  Array<T>(0x0000000000000000)
 - inner classes:     Array<T>(0x0000019654ac5288)
 - nest members:     Array<T>(0x00000008005cfb70)
 - permitted subclasses:     Array<T>(0x00000008005cfb70)
 - java mirror:       NULL
 - vtable length      9  (start addr: 0x0000000800cf95c0)
 - itable length      8 (start addr: 0x0000000800cf9608)
 - ---- static fields (0 words):
 - ---- non-static fields (2 words):
 - private final 'ordinal' 'I' @12 
 - private final 'name' 'Ljava/lang/String;' @16 
 - non-static oop maps: 16-16 


Registers:
RAX=0x0000000000005559, RBX=0x0000000000000001, RCX=0x0000019654ac4000, RDX=0x000000000000003a
RSP=0x0000000c0b5fa088, RBP=0x000000000000003a, RSI=0x0000000000000006, RDI=0x0000000800cf91a0
R8 =0x0000000000000004, R9 =0x0000000800cf93f8, R10=0x00007ffa465c0000, R11=0x0000019654184c60
R12=0x0000019655cd00d0, R13=0x0000019655cd00d0, R14=0x0000000800cf93f8, R15=0x0000000800cf93f8
RIP=0x00007ff9baedb678, EFLAGS=0x0000000000010297

Top of Stack: (sp=0x0000000c0b5fa088)
0x0000000c0b5fa088:   00007ff9bb00ba32 00000196541aa750
0x0000000c0b5fa098:   0000019655cd00d0 0000000c0b5fa6f0
0x0000000c0b5fa0a8:   00007ff900000023 0000000800cf93f8
0x0000000c0b5fa0b8:   0000000800cf91a0 00000008005cfbe0
0x0000000c0b5fa0c8:   0000019654ac5008 0000000c0b5fa3b0
0x0000000c0b5fa0d8:   00007ff9bae7f15a 0000019655749170
0x0000000c0b5fa0e8:   0000000c0b5fa6f0 0000019655cd00d0
0x0000000c0b5fa0f8:   0000019655cd00d0 00000196557375a0
0x0000000c0b5fa108:   00007ff9bb31b86f 000001963d2ce060
0x0000000c0b5fa118:   0000019655cc3426 0000000c0b5fa3b0
0x0000000c0b5fa128:   0000000000000000 0000000800cf93f8
0x0000000c0b5fa138:   0000019655cd00d0 0000000800cf93f8
0x0000000c0b5fa148:   00007ff9bb1db501 0000019654ac5008
0x0000000c0b5fa158:   0000000c0b5fa180 0000000c0b5fa6f0
0x0000000c0b5fa168:   00000008005cfbe0 00007ff9bb5caf98
0x0000000c0b5fa178:   0000000200000002 00007ff9bb5cafa8 

Instructions: (pc=0x00007ff9baedb678)
0x00007ff9baedb578:   48 8b 49 18 e8 6f bb 31 00 48 83 7e 08 00 48 8b
0x00007ff9baedb588:   7c 24 70 48 8b 6c 24 60 74 37 4c 8b ce 41 b0 64
0x00007ff9baedb598:   41 8b d4 49 8b ce e8 cd 1d 00 00 48 83 7e 08 00
0x00007ff9baedb5a8:   0f 85 87 00 00 00 49 8b 0e 8b 54 24 68 48 8b 41
0x00007ff9baedb5b8:   28 48 8b 44 d0 08 48 83 c4 38 41 5e 41 5c 5e 5b
0x00007ff9baedb5c8:   c3 48 83 3d e7 56 8a 00 00 74 0b 48 8b d3 49 8b
0x00007ff9baedb5d8:   ce e8 62 23 00 00 8b 44 24 68 41 b9 07 00 00 00
0x00007ff9baedb5e8:   48 8d 14 c5 00 00 00 00 49 8b 06 48 8b 48 28 48
0x00007ff9baedb5f8:   89 5c 11 08 49 8b 06 48 8b 48 08 b0 64 f0 46 0f
0x00007ff9baedb608:   b0 4c 21 04 3c 67 75 32 49 8b 06 4c 8b c6 48 8b
0x00007ff9baedb618:   48 28 48 c7 44 11 08 00 00 00 00 41 8b d4 49 8b
0x00007ff9baedb628:   ce e8 62 21 00 00 48 83 7e 08 00 74 0d 33 c0 48
0x00007ff9baedb638:   83 c4 38 41 5e 41 5c 5e 5b c3 48 8b c3 48 83 c4
0x00007ff9baedb648:   38 41 5e 41 5c 5e 5b c3 48 8b 41 28 4c 63 ca 42
0x00007ff9baedb658:   0f b7 54 c9 48 4c 89 44 d0 08 48 8b 41 08 42 c6
0x00007ff9baedb668:   44 08 04 07 c3 cc cc cc 48 63 c2 0f b7 44 c1 4a
0x00007ff9baedb678:   48 8b 44 c1 48 c3 cc cc 49 63 c0 44 0f b7 44 c1
0x00007ff9baedb688:   4a 48 8b 42 18 4a 39 44 c1 48 0f 94 c0 c3 cc cc
0x00007ff9baedb698:   cc cc cc cc cc cc cc cc 48 89 5c 24 10 48 89 74
0x00007ff9baedb6a8:   24 18 57 48 83 ec 30 48 63 da 49 8b f0 48 8b f9
0x00007ff9baedb6b8:   85 d2 79 24 4c 8d 0d 4d 60 6a 00 ba b4 02 00 00
0x00007ff9baedb6c8:   4c 8d 05 79 60 6a 00 48 8d 0d f2 5f 6a 00 e8 75
0x00007ff9baedb6d8:   78 00 00 e8 50 68 43 00 48 8b 4f 10 48 85 c9 74
0x00007ff9baedb6e8:   0f 48 8d 43 01 48 c1 e0 05 48 8b 04 08 0f b7 d8
0x00007ff9baedb6f8:   48 63 c3 48 8d 54 24 40 48 89 7c 24 20 48 89 74
0x00007ff9baedb708:   24 28 48 8b 8e 40 02 00 00 8b 5c c7 48 48 89 7c
0x00007ff9baedb718:   24 40 e8 e1 f2 dc ff 0f b7 d3 48 8d 4c 24 20 4c
0x00007ff9baedb728:   8b c6 e8 f1 fb ff ff 48 8d 4c 24 20 48 8b d8 e8
0x00007ff9baedb738:   a4 c2 10 00 48 8b 74 24 50 48 8b c3 48 8b 5c 24
0x00007ff9baedb748:   48 48 83 c4 30 5f c3 cc 48 89 5c 24 08 57 48 83
0x00007ff9baedb758:   ec 20 48 63 fa 48 8b d9 85 d2 79 24 4c 8d 0d a5
0x00007ff9baedb768:   5f 6a 00 ba b4 02 00 00 4c 8d 05 d1 5f 6a 00 48 


Stack slot to memory mapping:
stack at sp + 0 slots: 0x00007ff9bb00ba32 jvm.dll
stack at sp + 1 slots: 0x00000196541aa750 points into unknown readable memory: 0x0000019600000000 | 00 00 00 00 96 01 00 00
stack at sp + 2 slots: 0x0000019655cd00d0 is a thread
stack at sp + 3 slots: 0x0000000c0b5fa6f0 is pointing into the stack for thread: 0x0000019655cd00d0
stack at sp + 4 slots: 0x00007ff900000023 is an unknown value
stack at sp + 5 slots: 0x0000000800cf93f8 is a pointer to class: 
org.springframework.core.annotation.IntrospectionFailureLogger$1 {0x0000000800cf9400}
 - instance size:     3
 - klass size:        75
 - access:            final synchronized 
 - state:             allocated
 - name:              'org/springframework/core/annotation/IntrospectionFailureLogger$1'
 - super:             'org/springframework/core/annotation/IntrospectionFailureLogger'
 - sub:               
 - arrays:            NULL
 - methods:           Array<T>(0x0000019654ac5008)
 - method ordering:   Array<T>(0x00000008008f2760)
 - default_methods:   Array<T>(0x0000000000000000)
 - local interfaces:  Array<T>(0x00000008005cfbe0)
 - trans. interfaces: Array<T>(0x00000008005d57a0)
 - constants:         constant pool [55] {0x0000019654ac4dd8} for 'org/springframework/core/annotation/IntrospectionFailureLogger$1'
 - class loader data:  loader data: 0x0000019654d13300 for instance a 'jdk/internal/loader/ClassLoaders$AppClassLoader'{0x0000000702979098}
 - source file:       'IntrospectionFailureLogger.java'
 - class annotations:       Array<T>(0x0000000000000000)
 - class type annotations:  Array<T>(0x0000000000000000)
 - field annotations:       Array<T>(0x0000000000000000)
 - field type annotations:  Array<T>(0x0000000000000000)
 - inner classes:     Array<T>(0x0000019654ac5288)
 - nest members:     Array<T>(0x00000008005cfb70)
 - permitted subclasses:     Array<T>(0x00000008005cfb70)
 - java mirror:       NULL
 - vtable length      9  (start addr: 0x0000000800cf95c0)
 - itable length      8 (start addr: 0x0000000800cf9608)
 - ---- static fields (0 words):
 - ---- non-static fields (2 words):
 - private final 'ordinal' 'I' @12 
 - private final 'name' 'Ljava/lang/String;' @16 
 - non-static oop maps: 16-16 
stack at sp + 6 slots: 0x0000000800cf91a0 is a pointer to class: 
org.springframework.core.annotation.IntrospectionFailureLogger {0x0000000800cf91a8}
 - instance size:     3
 - klass size:        75
 - access:            synchronized abstract 
 - state:             being_initialized
 - name:              'org/springframework/core/annotation/IntrospectionFailureLogger'
 - super:             'java/lang/Enum'
 - sub:               
 - arrays:            NULL
 - methods:           Array<T>(0x0000019654ac4570)
 - method ordering:   Array<T>(0x00000008008f2760)
 - default_methods:   Array<T>(0x0000000000000000)
 - local interfaces:  Array<T>(0x00000008005cfbe0)
 - trans. interfaces: Array<T>(0x00000008005d57a0)
 - constants:         constant pool [136]/operands[10] {0x0000019654ac4008} for 'org/springframework/core/annotation/IntrospectionFailureLogger' cache=0x0000019654abfda8
 - class loader data:  loader data: 0x0000019654d13300 for instance a 'jdk/internal/loader/ClassLoaders$AppClassLoader'{0x0000000702979098}
 - source file:       'IntrospectionFailureLogger.java'
 - class annotations:       Array<T>(0x0000000000000000)
 - class type annotations:  Array<T>(0x0000000000000000)
 - field annotations:       Array<T>(0x0000019654ac4510)
 - field type annotations:  Array<T>(0x0000000000000000)
 - generic signature: 'Ljava/lang/Enum<Lorg/springframework/core/annotation/IntrospectionFailureLogger;>;'
 - inner classes:     Array<T>(0x0000019654ac4cf0)
 - nest members:     Array<T>(0x0000019654ac4d18)
 - permitted subclasses:     Array<T>(0x0000019654ac4d28)
 - java mirror:       a 'java/lang/Class'{0x00000007119ddd90} = 'org/springframework/core/annotation/IntrospectionFailureLogger'
 - vtable length      9  (start addr: 0x0000000800cf9368)
 - itable length      8 (start addr: 0x0000000800cf93b0)
 - ---- static fields (2 words):
 - public static final 'DEBUG' 'Lorg/springframework/core/annotation/IntrospectionFailureLogger;' @112 
 - public static final 'INFO' 'Lorg/springframework/core/annotation/IntrospectionFailureLogger;' @116 
 - private static 'logger' 'Lorg/apache/commons/logging/Log;' @120 
 - private static final synthetic '$VALUES' '[Lorg/springframework/core/annotation/IntrospectionFailureLogger;' @124 
 - ---- non-static fields (2 words):
 - private final 'ordinal' 'I' @12 
 - private final 'name' 'Ljava/lang/String;' @16 
 - non-static oop maps: 16-16 
stack at sp + 7 slots: 0x00000008005cfbe0 is pointing into metadata


---------------  P R O C E S S  ---------------

Threads class SMR info:
_java_thread_list=0x00000196557c5270, length=18, elements={
0x000001963d2d1f70, 0x000001965419f750, 0x000001965419fd10, 0x0000019654c00420,
0x0000019654c009e0, 0x0000019654c04fd0, 0x0000019654c0a5b0, 0x0000019654c0e070,
0x0000019654c2e680, 0x0000019654184010, 0x0000019654d15170, 0x0000019654d164b0,
0x0000019654d1abb0, 0x0000019654eab9b0, 0x00000196552e67e0, 0x0000019655311530,
0x00000196557c39b0, 0x0000019655cd00d0
}

Java Threads: ( => current thread )
  0x000001963d2d1f70 JavaThread "main" [_thread_blocked, id=19508, stack(0x0000000c09600000,0x0000000c09700000)]
  0x000001965419f750 JavaThread "Reference Handler" daemon [_thread_blocked, id=27080, stack(0x0000000c09d00000,0x0000000c09e00000)]
  0x000001965419fd10 JavaThread "Finalizer" daemon [_thread_blocked, id=5492, stack(0x0000000c09e00000,0x0000000c09f00000)]
  0x0000019654c00420 JavaThread "Signal Dispatcher" daemon [_thread_blocked, id=15852, stack(0x0000000c09f00000,0x0000000c0a000000)]
  0x0000019654c009e0 JavaThread "Attach Listener" daemon [_thread_blocked, id=9444, stack(0x0000000c0a000000,0x0000000c0a100000)]
  0x0000019654c04fd0 JavaThread "Service Thread" daemon [_thread_blocked, id=21284, stack(0x0000000c0a100000,0x0000000c0a200000)]
  0x0000019654c0a5b0 JavaThread "Monitor Deflation Thread" daemon [_thread_blocked, id=16516, stack(0x0000000c0a200000,0x0000000c0a300000)]
  0x0000019654c0e070 JavaThread "C1 CompilerThread0" daemon [_thread_blocked, id=22920, stack(0x0000000c0a300000,0x0000000c0a400000)]
  0x0000019654c2e680 JavaThread "Sweeper thread" daemon [_thread_blocked, id=23384, stack(0x0000000c0a400000,0x0000000c0a500000)]
  0x0000019654184010 JavaThread "Common-Cleaner" daemon [_thread_blocked, id=21768, stack(0x0000000c0a500000,0x0000000c0a600000)]
  0x0000019654d15170 JavaThread "C1 CompilerThread1" daemon [_thread_blocked, id=27288, stack(0x0000000c0a600000,0x0000000c0a700000)]
  0x0000019654d164b0 JavaThread "C1 CompilerThread2" daemon [_thread_blocked, id=4356, stack(0x0000000c0a700000,0x0000000c0a800000)]
  0x0000019654d1abb0 JavaThread "C1 CompilerThread3" daemon [_thread_blocked, id=4640, stack(0x0000000c0a800000,0x0000000c0a900000)]
  0x0000019654eab9b0 JavaThread "Notification Thread" daemon [_thread_blocked, id=19564, stack(0x0000000c0a900000,0x0000000c0aa00000)]
  0x00000196552e67e0 JavaThread "RMI TCP Accept-0" daemon [_thread_in_native, id=12952, stack(0x0000000c0aa00000,0x0000000c0ab00000)]
  0x0000019655311530 JavaThread "Monitor Ctrl-Break" daemon [_thread_in_native, id=12116, stack(0x0000000c0ac00000,0x0000000c0ad00000)]
  0x00000196557c39b0 JavaThread "Thread-2" [_thread_blocked, id=11360, stack(0x0000000c0b400000,0x0000000c0b500000)]
=>0x0000019655cd00d0 JavaThread "restartedMain" [_thread_in_vm, id=24480, stack(0x0000000c0b500000,0x0000000c0b600000)]

Other Threads:
  0x0000019654195d90 VMThread "VM Thread" [stack: 0x0000000c09c00000,0x0000000c09d00000] [id=16136]
  0x000001965530a270 WatcherThread [stack: 0x0000000c0ab00000,0x0000000c0ac00000] [id=19388]
  0x000001963d33d990 GCTaskThread "GC Thread#0" [stack: 0x0000000c09700000,0x0000000c09800000] [id=26148]
  0x0000019655330da0 GCTaskThread "GC Thread#1" [stack: 0x0000000c0ad00000,0x0000000c0ae00000] [id=20864]
  0x0000019655331050 GCTaskThread "GC Thread#2" [stack: 0x0000000c0ae00000,0x0000000c0af00000] [id=20776]
  0x0000019655331300 GCTaskThread "GC Thread#3" [stack: 0x0000000c0af00000,0x0000000c0b000000] [id=5704]
  0x00000196553315b0 GCTaskThread "GC Thread#4" [stack: 0x0000000c0b000000,0x0000000c0b100000] [id=18340]
  0x00000196556f4c70 GCTaskThread "GC Thread#5" [stack: 0x0000000c0b100000,0x0000000c0b200000] [id=3688]
  0x000001965572a500 GCTaskThread "GC Thread#6" [stack: 0x0000000c0b200000,0x0000000c0b300000] [id=13216]
  0x00000196557a8e00 GCTaskThread "GC Thread#7" [stack: 0x0000000c0b300000,0x0000000c0b400000] [id=18408]
  0x000001963d2f2810 ConcurrentGCThread "G1 Main Marker" [stack: 0x0000000c09800000,0x0000000c09900000] [id=10880]
  0x000001963d34ea20 ConcurrentGCThread "G1 Conc#0" [stack: 0x0000000c09900000,0x0000000c09a00000] [id=25868]
  0x000001963d38e540 ConcurrentGCThread "G1 Refine#0" [stack: 0x0000000c09a00000,0x0000000c09b00000] [id=24164]
  0x000001963d38ea70 ConcurrentGCThread "G1 Service" [stack: 0x0000000c09b00000,0x0000000c09c00000] [id=27924]

Threads with active compile tasks:

VM state: not at safepoint (normal execution)

VM Mutex/Monitor currently owned by a thread: None

Heap address: 0x0000000702600000, size: 4058 MB, Compressed Oops mode: Zero based, Oop shift amount: 3

CDS archive(s) mapped at: [0x0000000800000000-0x0000000800bc0000-0x0000000800bc0000), size 12320768, SharedBaseAddress: 0x0000000800000000, ArchiveRelocationMode: 0.
Compressed class space mapped at: 0x0000000800c00000-0x0000000840c00000, reserved size: 1073741824
Narrow klass base: 0x0000000800000000, Narrow klass shift: 0, Narrow klass range: 0x100000000

GC Precious Log:
 CPUs: 12 total, 12 available
 Memory: 16229M
 Large Page Support: Disabled
 NUMA Support: Disabled
 Compressed Oops: Enabled (Zero based)
 Heap Region Size: 2M
 Heap Min Capacity: 8M
 Heap Initial Capacity: 254M
 Heap Max Capacity: 4058M
 Pre-touch: Disabled
 Parallel Workers: 10
 Concurrent Workers: 3
 Concurrent Refinement Workers: 10
 Periodic GC: Disabled

Heap:
 garbage-first heap   total 260096K, used 19910K [0x0000000702600000, 0x0000000800000000)
  region size 2048K, 8 young (16384K), 2 survivors (4096K)
 Metaspace       used 7434K, committed 7616K, reserved 1056768K
  class space    used 880K, committed 960K, reserved 1048576K

Heap Regions: E=young(eden), S=young(survivor), O=old, HS=humongous(starts), HC=humongous(continues), CS=collection set, F=free, OA=open archive, CA=closed archive, TAMS=top-at-mark-start (previous, next)
|   0|0x0000000702600000, 0x0000000702800000, 0x0000000702800000|100%| O|  |TAMS 0x0000000702600000, 0x0000000702600000| Untracked 
|   1|0x0000000702800000, 0x0000000702a00000, 0x0000000702a00000|100%| O|  |TAMS 0x0000000702800000, 0x0000000702800000| Untracked 
|   2|0x0000000702a00000, 0x0000000702c00000, 0x0000000702c00000|100%| O|  |TAMS 0x0000000702a00000, 0x0000000702a00000| Untracked 
|   3|0x0000000702c00000, 0x0000000702d51c00, 0x0000000702e00000| 65%| O|  |TAMS 0x0000000702c00000, 0x0000000702c00000| Untracked 
|   4|0x0000000702e00000, 0x0000000702e00000, 0x0000000703000000|  0%| F|  |TAMS 0x0000000702e00000, 0x0000000702e00000| Untracked 
|   5|0x0000000703000000, 0x0000000703000000, 0x0000000703200000|  0%| F|  |TAMS 0x0000000703000000, 0x0000000703000000| Untracked 
|   6|0x0000000703200000, 0x0000000703200000, 0x0000000703400000|  0%| F|  |TAMS 0x0000000703200000, 0x0000000703200000| Untracked 
|   7|0x0000000703400000, 0x0000000703400000, 0x0000000703600000|  0%| F|  |TAMS 0x0000000703400000, 0x0000000703400000| Untracked 
|   8|0x0000000703600000, 0x0000000703600000, 0x0000000703800000|  0%| F|  |TAMS 0x0000000703600000, 0x0000000703600000| Untracked 
|   9|0x0000000703800000, 0x0000000703800000, 0x0000000703a00000|  0%| F|  |TAMS 0x0000000703800000, 0x0000000703800000| Untracked 
|  10|0x0000000703a00000, 0x0000000703a00000, 0x0000000703c00000|  0%| F|  |TAMS 0x0000000703a00000, 0x0000000703a00000| Untracked 
|  11|0x0000000703c00000, 0x0000000703c00000, 0x0000000703e00000|  0%| F|  |TAMS 0x0000000703c00000, 0x0000000703c00000| Untracked 
|  12|0x0000000703e00000, 0x0000000703e00000, 0x0000000704000000|  0%| F|  |TAMS 0x0000000703e00000, 0x0000000703e00000| Untracked 
|  13|0x0000000704000000, 0x0000000704000000, 0x0000000704200000|  0%| F|  |TAMS 0x0000000704000000, 0x0000000704000000| Untracked 
|  14|0x0000000704200000, 0x0000000704200000, 0x0000000704400000|  0%| F|  |TAMS 0x0000000704200000, 0x0000000704200000| Untracked 
|  15|0x0000000704400000, 0x0000000704400000, 0x0000000704600000|  0%| F|  |TAMS 0x0000000704400000, 0x0000000704400000| Untracked 
|  16|0x0000000704600000, 0x0000000704600000, 0x0000000704800000|  0%| F|  |TAMS 0x0000000704600000, 0x0000000704600000| Untracked 
|  17|0x0000000704800000, 0x0000000704800000, 0x0000000704a00000|  0%| F|  |TAMS 0x0000000704800000, 0x0000000704800000| Untracked 
|  18|0x0000000704a00000, 0x0000000704a00000, 0x0000000704c00000|  0%| F|  |TAMS 0x0000000704a00000, 0x0000000704a00000| Untracked 
|  19|0x0000000704c00000, 0x0000000704c00000, 0x0000000704e00000|  0%| F|  |TAMS 0x0000000704c00000, 0x0000000704c00000| Untracked 
|  20|0x0000000704e00000, 0x0000000704e00000, 0x0000000705000000|  0%| F|  |TAMS 0x0000000704e00000, 0x0000000704e00000| Untracked 
|  21|0x0000000705000000, 0x0000000705000000, 0x0000000705200000|  0%| F|  |TAMS 0x0000000705000000, 0x0000000705000000| Untracked 
|  22|0x0000000705200000, 0x0000000705200000, 0x0000000705400000|  0%| F|  |TAMS 0x0000000705200000, 0x0000000705200000| Untracked 
|  23|0x0000000705400000, 0x0000000705400000, 0x0000000705600000|  0%| F|  |TAMS 0x0000000705400000, 0x0000000705400000| Untracked 
|  24|0x0000000705600000, 0x0000000705600000, 0x0000000705800000|  0%| F|  |TAMS 0x0000000705600000, 0x0000000705600000| Untracked 
|  25|0x0000000705800000, 0x0000000705800000, 0x0000000705a00000|  0%| F|  |TAMS 0x0000000705800000, 0x0000000705800000| Untracked 
|  26|0x0000000705a00000, 0x0000000705a00000, 0x0000000705c00000|  0%| F|  |TAMS 0x0000000705a00000, 0x0000000705a00000| Untracked 
|  27|0x0000000705c00000, 0x0000000705c00000, 0x0000000705e00000|  0%| F|  |TAMS 0x0000000705c00000, 0x0000000705c00000| Untracked 
|  28|0x0000000705e00000, 0x0000000705e00000, 0x0000000706000000|  0%| F|  |TAMS 0x0000000705e00000, 0x0000000705e00000| Untracked 
|  29|0x0000000706000000, 0x0000000706000000, 0x0000000706200000|  0%| F|  |TAMS 0x0000000706000000, 0x0000000706000000| Untracked 
|  30|0x0000000706200000, 0x0000000706200000, 0x0000000706400000|  0%| F|  |TAMS 0x0000000706200000, 0x0000000706200000| Untracked 
|  31|0x0000000706400000, 0x0000000706400000, 0x0000000706600000|  0%| F|  |TAMS 0x0000000706400000, 0x0000000706400000| Untracked 
|  32|0x0000000706600000, 0x0000000706600000, 0x0000000706800000|  0%| F|  |TAMS 0x0000000706600000, 0x0000000706600000| Untracked 
|  33|0x0000000706800000, 0x0000000706800000, 0x0000000706a00000|  0%| F|  |TAMS 0x0000000706800000, 0x0000000706800000| Untracked 
|  34|0x0000000706a00000, 0x0000000706a00000, 0x0000000706c00000|  0%| F|  |TAMS 0x0000000706a00000, 0x0000000706a00000| Untracked 
|  35|0x0000000706c00000, 0x0000000706c00000, 0x0000000706e00000|  0%| F|  |TAMS 0x0000000706c00000, 0x0000000706c00000| Untracked 
|  36|0x0000000706e00000, 0x0000000706e00000, 0x0000000707000000|  0%| F|  |TAMS 0x0000000706e00000, 0x0000000706e00000| Untracked 
|  37|0x0000000707000000, 0x0000000707000000, 0x0000000707200000|  0%| F|  |TAMS 0x0000000707000000, 0x0000000707000000| Untracked 
|  38|0x0000000707200000, 0x0000000707200000, 0x0000000707400000|  0%| F|  |TAMS 0x0000000707200000, 0x0000000707200000| Untracked 
|  39|0x0000000707400000, 0x0000000707400000, 0x0000000707600000|  0%| F|  |TAMS 0x0000000707400000, 0x0000000707400000| Untracked 
|  40|0x0000000707600000, 0x0000000707600000, 0x0000000707800000|  0%| F|  |TAMS 0x0000000707600000, 0x0000000707600000| Untracked 
|  41|0x0000000707800000, 0x0000000707800000, 0x0000000707a00000|  0%| F|  |TAMS 0x0000000707800000, 0x0000000707800000| Untracked 
|  42|0x0000000707a00000, 0x0000000707a00000, 0x0000000707c00000|  0%| F|  |TAMS 0x0000000707a00000, 0x0000000707a00000| Untracked 
|  43|0x0000000707c00000, 0x0000000707c00000, 0x0000000707e00000|  0%| F|  |TAMS 0x0000000707c00000, 0x0000000707c00000| Untracked 
|  44|0x0000000707e00000, 0x0000000707e00000, 0x0000000708000000|  0%| F|  |TAMS 0x0000000707e00000, 0x0000000707e00000| Untracked 
|  45|0x0000000708000000, 0x0000000708000000, 0x0000000708200000|  0%| F|  |TAMS 0x0000000708000000, 0x0000000708000000| Untracked 
|  46|0x0000000708200000, 0x0000000708200000, 0x0000000708400000|  0%| F|  |TAMS 0x0000000708200000, 0x0000000708200000| Untracked 
|  47|0x0000000708400000, 0x0000000708400000, 0x0000000708600000|  0%| F|  |TAMS 0x0000000708400000, 0x0000000708400000| Untracked 
|  48|0x0000000708600000, 0x0000000708600000, 0x0000000708800000|  0%| F|  |TAMS 0x0000000708600000, 0x0000000708600000| Untracked 
|  49|0x0000000708800000, 0x0000000708800000, 0x0000000708a00000|  0%| F|  |TAMS 0x0000000708800000, 0x0000000708800000| Untracked 
|  50|0x0000000708a00000, 0x0000000708a00000, 0x0000000708c00000|  0%| F|  |TAMS 0x0000000708a00000, 0x0000000708a00000| Untracked 
|  51|0x0000000708c00000, 0x0000000708c00000, 0x0000000708e00000|  0%| F|  |TAMS 0x0000000708c00000, 0x0000000708c00000| Untracked 
|  52|0x0000000708e00000, 0x0000000708e00000, 0x0000000709000000|  0%| F|  |TAMS 0x0000000708e00000, 0x0000000708e00000| Untracked 
|  53|0x0000000709000000, 0x0000000709000000, 0x0000000709200000|  0%| F|  |TAMS 0x0000000709000000, 0x0000000709000000| Untracked 
|  54|0x0000000709200000, 0x0000000709200000, 0x0000000709400000|  0%| F|  |TAMS 0x0000000709200000, 0x0000000709200000| Untracked 
|  55|0x0000000709400000, 0x0000000709400000, 0x0000000709600000|  0%| F|  |TAMS 0x0000000709400000, 0x0000000709400000| Untracked 
|  56|0x0000000709600000, 0x0000000709600000, 0x0000000709800000|  0%| F|  |TAMS 0x0000000709600000, 0x0000000709600000| Untracked 
|  57|0x0000000709800000, 0x0000000709800000, 0x0000000709a00000|  0%| F|  |TAMS 0x0000000709800000, 0x0000000709800000| Untracked 
|  58|0x0000000709a00000, 0x0000000709a00000, 0x0000000709c00000|  0%| F|  |TAMS 0x0000000709a00000, 0x0000000709a00000| Untracked 
|  59|0x0000000709c00000, 0x0000000709c00000, 0x0000000709e00000|  0%| F|  |TAMS 0x0000000709c00000, 0x0000000709c00000| Untracked 
|  60|0x0000000709e00000, 0x0000000709e00000, 0x000000070a000000|  0%| F|  |TAMS 0x0000000709e00000, 0x0000000709e00000| Untracked 
|  61|0x000000070a000000, 0x000000070a000000, 0x000000070a200000|  0%| F|  |TAMS 0x000000070a000000, 0x000000070a000000| Untracked 
|  62|0x000000070a200000, 0x000000070a200000, 0x000000070a400000|  0%| F|  |TAMS 0x000000070a200000, 0x000000070a200000| Untracked 
|  63|0x000000070a400000, 0x000000070a400000, 0x000000070a600000|  0%| F|  |TAMS 0x000000070a400000, 0x000000070a400000| Untracked 
|  64|0x000000070a600000, 0x000000070a600000, 0x000000070a800000|  0%| F|  |TAMS 0x000000070a600000, 0x000000070a600000| Untracked 
|  65|0x000000070a800000, 0x000000070a800000, 0x000000070aa00000|  0%| F|  |TAMS 0x000000070a800000, 0x000000070a800000| Untracked 
|  66|0x000000070aa00000, 0x000000070aa00000, 0x000000070ac00000|  0%| F|  |TAMS 0x000000070aa00000, 0x000000070aa00000| Untracked 
|  67|0x000000070ac00000, 0x000000070ac00000, 0x000000070ae00000|  0%| F|  |TAMS 0x000000070ac00000, 0x000000070ac00000| Untracked 
|  68|0x000000070ae00000, 0x000000070ae00000, 0x000000070b000000|  0%| F|  |TAMS 0x000000070ae00000, 0x000000070ae00000| Untracked 
|  69|0x000000070b000000, 0x000000070b000000, 0x000000070b200000|  0%| F|  |TAMS 0x000000070b000000, 0x000000070b000000| Untracked 
|  70|0x000000070b200000, 0x000000070b200000, 0x000000070b400000|  0%| F|  |TAMS 0x000000070b200000, 0x000000070b200000| Untracked 
|  71|0x000000070b400000, 0x000000070b400000, 0x000000070b600000|  0%| F|  |TAMS 0x000000070b400000, 0x000000070b400000| Untracked 
|  72|0x000000070b600000, 0x000000070b600000, 0x000000070b800000|  0%| F|  |TAMS 0x000000070b600000, 0x000000070b600000| Untracked 
|  73|0x000000070b800000, 0x000000070b800000, 0x000000070ba00000|  0%| F|  |TAMS 0x000000070b800000, 0x000000070b800000| Untracked 
|  74|0x000000070ba00000, 0x000000070ba00000, 0x000000070bc00000|  0%| F|  |TAMS 0x000000070ba00000, 0x000000070ba00000| Untracked 
|  75|0x000000070bc00000, 0x000000070bc00000, 0x000000070be00000|  0%| F|  |TAMS 0x000000070bc00000, 0x000000070bc00000| Untracked 
|  76|0x000000070be00000, 0x000000070be00000, 0x000000070c000000|  0%| F|  |TAMS 0x000000070be00000, 0x000000070be00000| Untracked 
|  77|0x000000070c000000, 0x000000070c000000, 0x000000070c200000|  0%| F|  |TAMS 0x000000070c000000, 0x000000070c000000| Untracked 
|  78|0x000000070c200000, 0x000000070c200000, 0x000000070c400000|  0%| F|  |TAMS 0x000000070c200000, 0x000000070c200000| Untracked 
|  79|0x000000070c400000, 0x000000070c400000, 0x000000070c600000|  0%| F|  |TAMS 0x000000070c400000, 0x000000070c400000| Untracked 
|  80|0x000000070c600000, 0x000000070c600000, 0x000000070c800000|  0%| F|  |TAMS 0x000000070c600000, 0x000000070c600000| Untracked 
|  81|0x000000070c800000, 0x000000070c800000, 0x000000070ca00000|  0%| F|  |TAMS 0x000000070c800000, 0x000000070c800000| Untracked 
|  82|0x000000070ca00000, 0x000000070ca00000, 0x000000070cc00000|  0%| F|  |TAMS 0x000000070ca00000, 0x000000070ca00000| Untracked 
|  83|0x000000070cc00000, 0x000000070cc00000, 0x000000070ce00000|  0%| F|  |TAMS 0x000000070cc00000, 0x000000070cc00000| Untracked 
|  84|0x000000070ce00000, 0x000000070ce00000, 0x000000070d000000|  0%| F|  |TAMS 0x000000070ce00000, 0x000000070ce00000| Untracked 
|  85|0x000000070d000000, 0x000000070d000000, 0x000000070d200000|  0%| F|  |TAMS 0x000000070d000000, 0x000000070d000000| Untracked 
|  86|0x000000070d200000, 0x000000070d200000, 0x000000070d400000|  0%| F|  |TAMS 0x000000070d200000, 0x000000070d200000| Untracked 
|  87|0x000000070d400000, 0x000000070d400000, 0x000000070d600000|  0%| F|  |TAMS 0x000000070d400000, 0x000000070d400000| Untracked 
|  88|0x000000070d600000, 0x000000070d600000, 0x000000070d800000|  0%| F|  |TAMS 0x000000070d600000, 0x000000070d600000| Untracked 
|  89|0x000000070d800000, 0x000000070d800000, 0x000000070da00000|  0%| F|  |TAMS 0x000000070d800000, 0x000000070d800000| Untracked 
|  90|0x000000070da00000, 0x000000070da00000, 0x000000070dc00000|  0%| F|  |TAMS 0x000000070da00000, 0x000000070da00000| Untracked 
|  91|0x000000070dc00000, 0x000000070dc00000, 0x000000070de00000|  0%| F|  |TAMS 0x000000070dc00000, 0x000000070dc00000| Untracked 
|  92|0x000000070de00000, 0x000000070de00000, 0x000000070e000000|  0%| F|  |TAMS 0x000000070de00000, 0x000000070de00000| Untracked 
|  93|0x000000070e000000, 0x000000070e000000, 0x000000070e200000|  0%| F|  |TAMS 0x000000070e000000, 0x000000070e000000| Untracked 
|  94|0x000000070e200000, 0x000000070e200000, 0x000000070e400000|  0%| F|  |TAMS 0x000000070e200000, 0x000000070e200000| Untracked 
|  95|0x000000070e400000, 0x000000070e400000, 0x000000070e600000|  0%| F|  |TAMS 0x000000070e400000, 0x000000070e400000| Untracked 
|  96|0x000000070e600000, 0x000000070e600000, 0x000000070e800000|  0%| F|  |TAMS 0x000000070e600000, 0x000000070e600000| Untracked 
|  97|0x000000070e800000, 0x000000070e800000, 0x000000070ea00000|  0%| F|  |TAMS 0x000000070e800000, 0x000000070e800000| Untracked 
|  98|0x000000070ea00000, 0x000000070ea00000, 0x000000070ec00000|  0%| F|  |TAMS 0x000000070ea00000, 0x000000070ea00000| Untracked 
|  99|0x000000070ec00000, 0x000000070ec00000, 0x000000070ee00000|  0%| F|  |TAMS 0x000000070ec00000, 0x000000070ec00000| Untracked 
| 100|0x000000070ee00000, 0x000000070ee00000, 0x000000070f000000|  0%| F|  |TAMS 0x000000070ee00000, 0x000000070ee00000| Untracked 
| 101|0x000000070f000000, 0x000000070f000000, 0x000000070f200000|  0%| F|  |TAMS 0x000000070f000000, 0x000000070f000000| Untracked 
| 102|0x000000070f200000, 0x000000070f200000, 0x000000070f400000|  0%| F|  |TAMS 0x000000070f200000, 0x000000070f200000| Untracked 
| 103|0x000000070f400000, 0x000000070f400000, 0x000000070f600000|  0%| F|  |TAMS 0x000000070f400000, 0x000000070f400000| Untracked 
| 104|0x000000070f600000, 0x000000070f600000, 0x000000070f800000|  0%| F|  |TAMS 0x000000070f600000, 0x000000070f600000| Untracked 
| 105|0x000000070f800000, 0x000000070f800000, 0x000000070fa00000|  0%| F|  |TAMS 0x000000070f800000, 0x000000070f800000| Untracked 
| 106|0x000000070fa00000, 0x000000070fa00000, 0x000000070fc00000|  0%| F|  |TAMS 0x000000070fa00000, 0x000000070fa00000| Untracked 
| 107|0x000000070fc00000, 0x000000070fc00000, 0x000000070fe00000|  0%| F|  |TAMS 0x000000070fc00000, 0x000000070fc00000| Untracked 
| 108|0x000000070fe00000, 0x000000070fe00000, 0x0000000710000000|  0%| F|  |TAMS 0x000000070fe00000, 0x000000070fe00000| Untracked 
| 109|0x0000000710000000, 0x0000000710000000, 0x0000000710200000|  0%| F|  |TAMS 0x0000000710000000, 0x0000000710000000| Untracked 
| 110|0x0000000710200000, 0x0000000710200000, 0x0000000710400000|  0%| F|  |TAMS 0x0000000710200000, 0x0000000710200000| Untracked 
| 111|0x0000000710400000, 0x0000000710400000, 0x0000000710600000|  0%| F|  |TAMS 0x0000000710400000, 0x0000000710400000| Untracked 
| 112|0x0000000710600000, 0x000000071061fd90, 0x0000000710800000|  6%| S|CS|TAMS 0x0000000710600000, 0x0000000710600000| Complete 
| 113|0x0000000710800000, 0x0000000710a00000, 0x0000000710a00000|100%| S|CS|TAMS 0x0000000710800000, 0x0000000710800000| Complete 
| 114|0x0000000710a00000, 0x0000000710a00000, 0x0000000710c00000|  0%| F|  |TAMS 0x0000000710a00000, 0x0000000710a00000| Untracked 
| 115|0x0000000710c00000, 0x0000000710c00000, 0x0000000710e00000|  0%| F|  |TAMS 0x0000000710c00000, 0x0000000710c00000| Untracked 
| 116|0x0000000710e00000, 0x0000000710e00000, 0x0000000711000000|  0%| F|  |TAMS 0x0000000710e00000, 0x0000000710e00000| Untracked 
| 117|0x0000000711000000, 0x0000000711000000, 0x0000000711200000|  0%| F|  |TAMS 0x0000000711000000, 0x0000000711000000| Untracked 
| 118|0x0000000711200000, 0x0000000711200000, 0x0000000711400000|  0%| F|  |TAMS 0x0000000711200000, 0x0000000711200000| Untracked 
| 119|0x0000000711400000, 0x0000000711400000, 0x0000000711600000|  0%| F|  |TAMS 0x0000000711400000, 0x0000000711400000| Untracked 
| 120|0x0000000711600000, 0x0000000711600000, 0x0000000711800000|  0%| F|  |TAMS 0x0000000711600000, 0x0000000711600000| Untracked 
| 121|0x0000000711800000, 0x0000000711a00000, 0x0000000711a00000|100%| E|  |TAMS 0x0000000711800000, 0x0000000711800000| Complete 
| 122|0x0000000711a00000, 0x0000000711c00000, 0x0000000711c00000|100%| E|CS|TAMS 0x0000000711a00000, 0x0000000711a00000| Complete 
| 123|0x0000000711c00000, 0x0000000711e00000, 0x0000000711e00000|100%| E|CS|TAMS 0x0000000711c00000, 0x0000000711c00000| Complete 
| 124|0x0000000711e00000, 0x0000000712000000, 0x0000000712000000|100%| E|CS|TAMS 0x0000000711e00000, 0x0000000711e00000| Complete 
| 125|0x0000000712000000, 0x0000000712200000, 0x0000000712200000|100%| E|CS|TAMS 0x0000000712000000, 0x0000000712000000| Complete 
| 126|0x0000000712200000, 0x0000000712400000, 0x0000000712400000|100%| E|CS|TAMS 0x0000000712200000, 0x0000000712200000| Complete 

Card table byte_map: [0x0000019648650000,0x0000019648e40000] _byte_map_base: 0x0000019644e3d000

Marking Bits (Prev, Next): (CMBitMap*) 0x000001963d2f2150, (CMBitMap*) 0x000001963d2f2190
 Prev Bits: [0x0000019649630000, 0x000001964d598000)
 Next Bits: [0x000001964d5a0000, 0x0000019651508000)

Polling page: 0x000001963af90000

Metaspace:

Usage:
  Non-class:      6.40 MB used.
      Class:    880.97 KB used.
       Both:      7.26 MB used.

Virtual space:
  Non-class space:        8.00 MB reserved,       6.50 MB ( 81%) committed,  1 nodes.
      Class space:        1.00 GB reserved,     960.00 KB ( <1%) committed,  1 nodes.
             Both:        1.01 GB reserved,       7.44 MB ( <1%) committed. 

Chunk freelists:
   Non-Class:  1.23 MB
       Class:  3.01 MB
        Both:  4.25 MB

MaxMetaspaceSize: unlimited
CompressedClassSpaceSize: 1.00 GB
Initial GC threshold: 21.00 MB
Current GC threshold: 21.00 MB
CDS: on
MetaspaceReclaimPolicy: balanced
 - commit_granule_bytes: 65536.
 - commit_granule_words: 8192.
 - virtual_space_node_default_size: 1048576.
 - enlarge_chunks_in_place: 1.
 - new_chunks_are_fully_committed: 0.
 - uncommit_free_chunks: 1.
 - use_allocation_guard: 0.
 - handle_deallocations: 1.


Internal statistics:

num_allocs_failed_limit: 0.
num_arena_births: 106.
num_arena_deaths: 0.
num_vsnodes_births: 2.
num_vsnodes_deaths: 0.
num_space_committed: 119.
num_space_uncommitted: 0.
num_chunks_returned_to_freelist: 0.
num_chunks_taken_from_freelist: 211.
num_chunk_merges: 0.
num_chunk_splits: 139.
num_chunks_enlarged: 94.
num_purges: 0.
num_inconsistent_stats: 0.

CodeCache: size=49152Kb used=5439Kb max_used=5439Kb free=43712Kb
 bounds [0x0000019644b30000, 0x0000019645080000, 0x0000019647b30000]
 total_blobs=2094 nmethods=1627 adapters=392
 compilation: enabled
              stopped_count=0, restarted_count=0
 full_count=0

Compilation events (20 events):
Event: 0.631 Thread 0x0000019654d15170 1618       1       java.util.WeakHashMap::size (18 bytes)
Event: 0.631 Thread 0x0000019654d164b0 nmethod 1617 0x000001964507b110 code [0x000001964507b2a0, 0x000001964507b3c8]
Event: 0.631 Thread 0x0000019654d15170 nmethod 1618 0x000001964507b490 code [0x000001964507b620, 0x000001964507b748]
Event: 0.632 Thread 0x0000019654d1abb0 1620       1       java.lang.invoke.DirectMethodHandle::allocateInstance (16 bytes)
Event: 0.632 Thread 0x0000019654d15170 1621       1       java.lang.invoke.DirectMethodHandle::constructorMethod (10 bytes)
Event: 0.632 Thread 0x0000019654d15170 nmethod 1621 0x000001964507bc90 code [0x000001964507be20, 0x000001964507bf18]
Event: 0.632 Thread 0x0000019654d1abb0 nmethod 1620 0x000001964507c010 code [0x000001964507c1a0, 0x000001964507c2a8]
Event: 0.632 Thread 0x0000019654c0e070 nmethod 1613 0x000001964507c390 code [0x000001964507c600, 0x000001964507cf68]
Event: 0.637 Thread 0x0000019654d164b0 1622       1       java.util.LinkedHashMap$LinkedKeyIterator::next (8 bytes)
Event: 0.637 Thread 0x0000019654d164b0 nmethod 1622 0x000001964507d710 code [0x000001964507d8a0, 0x000001964507d988]
Event: 0.641 Thread 0x0000019654d1abb0 1623       1       jdk.internal.org.objectweb.asm.Label::getCanonicalInstance (19 bytes)
Event: 0.642 Thread 0x0000019654d1abb0 nmethod 1623 0x000001964507da10 code [0x000001964507dba0, 0x000001964507dc98]
Event: 0.642 Thread 0x0000019654d1abb0 1624   !   1       java.lang.invoke.MethodHandleNatives::linkMethodHandleConstant (50 bytes)
Event: 0.642 Thread 0x0000019654d15170 1625       1       java.lang.invoke.MethodHandles$Lookup::linkMethodHandleConstant (223 bytes)
Event: 0.643 Thread 0x0000019654d1abb0 nmethod 1624 0x000001964507dd10 code [0x000001964507dec0, 0x000001964507e028]
Event: 0.643 Thread 0x0000019654c0e070 1626       1       java.lang.invoke.DirectMethodHandle::preparedLambdaForm (6 bytes)
Event: 0.643 Thread 0x0000019654c0e070 nmethod 1626 0x000001964507e190 code [0x000001964507e320, 0x000001964507e3e8]
Event: 0.643 Thread 0x0000019654d15170 nmethod 1625 0x000001964507e490 code [0x000001964507e780, 0x000001964507f3d8]
Event: 0.643 Thread 0x0000019654d15170 1627       1       java.lang.invoke.MethodType::changeReturnType (20 bytes)
Event: 0.643 Thread 0x0000019654d15170 nmethod 1627 0x000001964507fa10 code [0x000001964507fba0, 0x000001964507fcc8]

GC Heap History (4 events):
Event: 0.429 GC heap before
{Heap before GC invocations=0 (full 0):
 garbage-first heap   total 260096K, used 20480K [0x0000000702600000, 0x0000000800000000)
  region size 2048K, 11 young (22528K), 0 survivors (0K)
 Metaspace       used 5238K, committed 5440K, reserved 1056768K
  class space    used 593K, committed 704K, reserved 1048576K
}
Event: 0.434 GC heap after
{Heap after GC invocations=1 (full 0):
 garbage-first heap   total 260096K, used 7652K [0x0000000702600000, 0x0000000800000000)
  region size 2048K, 2 young (4096K), 2 survivors (4096K)
 Metaspace       used 5238K, committed 5440K, reserved 1056768K
  class space    used 593K, committed 704K, reserved 1048576K
}
Event: 0.563 GC heap before
{Heap before GC invocations=1 (full 0):
 garbage-first heap   total 260096K, used 30180K [0x0000000702600000, 0x0000000800000000)
  region size 2048K, 13 young (26624K), 2 survivors (4096K)
 Metaspace       used 6826K, committed 7040K, reserved 1056768K
  class space    used 793K, committed 896K, reserved 1048576K
}
Event: 0.566 GC heap after
{Heap after GC invocations=2 (full 0):
 garbage-first heap   total 260096K, used 9670K [0x0000000702600000, 0x0000000800000000)
  region size 2048K, 2 young (4096K), 2 survivors (4096K)
 Metaspace       used 6826K, committed 7040K, reserved 1056768K
  class space    used 793K, committed 896K, reserved 1048576K
}

Deoptimization events (4 events):
Event: 0.425 Thread 0x000001963d2d1f70 DEOPT PACKING pc=0x0000019644f82354 sp=0x0000000c096faa50
Event: 0.425 Thread 0x000001963d2d1f70 DEOPT UNPACKING pc=0x0000019644b82b43 sp=0x0000000c096f9ee8 mode 3
Event: 0.441 Thread 0x000001963d2d1f70 DEOPT PACKING pc=0x0000019644fa1c79 sp=0x0000000c096f9ce0
Event: 0.441 Thread 0x000001963d2d1f70 DEOPT UNPACKING pc=0x0000019644b82b43 sp=0x0000000c096f91c0 mode 3

Classes unloaded (0 events):
No events

Classes redefined (0 events):
No events

Internal exceptions (18 events):
Event: 0.210 Thread 0x000001963d2d1f70 Exception <a 'java/lang/NoSuchMethodError'{0x0000000711bf4600}: 'java.lang.Object java.lang.invoke.DirectMethodHandle$Holder.invokeStaticInit(java.lang.Object)'> (0x0000000711bf4600) 
thrown [s\open\src\hotspot\share\interpreter\linkResolver.cpp, line 759]
Event: 0.224 Thread 0x000001963d2d1f70 Exception <a 'java/lang/NoSuchMethodError'{0x000000071189e1f8}: 'int java.lang.invoke.DirectMethodHandle$Holder.invokeInterface(java.lang.Object, java.lang.Object)'> (0x000000071189e1f8) 
thrown [s\open\src\hotspot\share\interpreter\linkResolver.cpp, line 759]
Event: 0.224 Thread 0x000001963d2d1f70 Exception <a 'java/lang/IncompatibleClassChangeError'{0x00000007118a17f8}: Found class java.lang.Object, but interface was expected> (0x00000007118a17f8) 
thrown [s\open\src\hotspot\share\interpreter\linkResolver.cpp, line 826]
Event: 0.225 Thread 0x000001963d2d1f70 Exception <a 'java/lang/NoSuchMethodError'{0x00000007118a7b88}: 'void java.lang.invoke.DirectMethodHandle$Holder.invokeStatic(java.lang.Object, java.lang.Object)'> (0x00000007118a7b88) 
thrown [s\open\src\hotspot\share\interpreter\linkResolver.cpp, line 759]
Event: 0.259 Thread 0x000001963d2d1f70 Exception <a 'java/lang/NoSuchMethodError'{0x0000000711623c08}: 'int java.lang.invoke.DirectMethodHandle$Holder.invokeSpecial(java.lang.Object, java.lang.Object, java.lang.Object)'> (0x0000000711623c08) 
thrown [s\open\src\hotspot\share\interpreter\linkResolver.cpp, line 759]
Event: 0.291 Thread 0x000001963d2d1f70 Exception <a 'java/lang/NoSuchMethodError'{0x00000007117bf4f8}: 'void java.lang.invoke.DirectMethodHandle$Holder.invokeStatic(java.lang.Object, java.lang.Object, java.lang.Object)'> (0x00000007117bf4f8) 
thrown [s\open\src\hotspot\share\interpreter\linkResolver.cpp, line 759]
Event: 0.299 Thread 0x000001963d2d1f70 Exception <a 'java/lang/NoSuchMethodError'{0x0000000711423990}: 'int java.lang.invoke.DirectMethodHandle$Holder.invokeSpecialIFC(java.lang.Object, java.lang.Object, java.lang.Object)'> (0x0000000711423990) 
thrown [s\open\src\hotspot\share\interpreter\linkResolver.cpp, line 759]
Event: 0.316 Thread 0x000001963d2d1f70 Exception <a 'java/lang/NoSuchMethodError'{0x0000000711500c10}: 'java.lang.Object java.lang.invoke.DirectMethodHandle$Holder.invokeStaticInit(java.lang.Object, int, int, int, int)'> (0x0000000711500c10) 
thrown [s\open\src\hotspot\share\interpreter\linkResolver.cpp, line 759]
Event: 0.356 Thread 0x000001963d2d1f70 Exception <a 'java/lang/NoSuchMethodError'{0x00000007115deb10}: 'java.lang.Object java.lang.invoke.DirectMethodHandle$Holder.invokeStaticInit(java.lang.Object, java.lang.Object, int, int, int, int)'> (0x00000007115deb10) 
thrown [s\open\src\hotspot\share\interpreter\linkResolver.cpp, line 759]
Event: 0.367 Thread 0x000001963d2d1f70 Exception <a 'java/lang/ClassNotFoundException'{0x0000000711220300}: javax/management/remote/rmi/RMIServerImpl_Skel> (0x0000000711220300) 
thrown [s\open\src\hotspot\share\classfile\systemDictionary.cpp, line 256]
Event: 0.467 Thread 0x000001963d2d1f70 Exception <a 'java/lang/ClassNotFoundException'{0x0000000711e9c018}: javax/smartcardio/CardPermission> (0x0000000711e9c018) 
thrown [s\open\src\hotspot\share\classfile\systemDictionary.cpp, line 256]
Event: 0.469 Thread 0x000001963d2d1f70 Exception <a 'java/io/FileNotFoundException'{0x0000000711eac8c8}> (0x0000000711eac8c8) 
thrown [s\open\src\hotspot\share\prims\jni.cpp, line 516]
Event: 0.512 Thread 0x000001963d2d1f70 Exception <a 'java/lang/NoSuchMethodError'{0x0000000711955310}: 'void java.lang.invoke.DirectMethodHandle$Holder.invokeStatic(java.lang.Object, java.lang.Object, java.lang.Object, java.lang.Object)'> (0x0000000711955310) 
thrown [s\open\src\hotspot\share\interpreter\linkResolver.cpp, line 759]
Event: 0.537 Thread 0x000001963d2d1f70 Exception <a 'java/lang/NoSuchMethodError'{0x000000071120a6d0}: 'int java.lang.invoke.DirectMethodHandle$Holder.invokeStaticInit(java.lang.Object, java.lang.Object)'> (0x000000071120a6d0) 
thrown [s\open\src\hotspot\share\interpreter\linkResolver.cpp, line 759]
Event: 0.577 Thread 0x000001963d2d1f70 Exception <a 'java/lang/NoSuchMethodError'{0x00000007120058a0}: 'java.lang.Object java.lang.invoke.DirectMethodHandle$Holder.invokeInterface(java.lang.Object, java.lang.Object)'> (0x00000007120058a0) 
thrown [s\open\src\hotspot\share\interpreter\linkResolver.cpp, line 759]
Event: 0.584 Thread 0x000001963d2d1f70 Exception <a 'java/lang/NoSuchMethodError'{0x00000007121291f0}: 'java.lang.Object java.lang.invoke.DirectMethodHandle$Holder.invokeSpecialIFC(java.lang.Object, java.lang.Object, java.lang.Object, java.lang.Object)'> (0x00000007121291f0) 
thrown [s\open\src\hotspot\share\interpreter\linkResolver.cpp, line 759]
Event: 0.586 Thread 0x000001963d2d1f70 Exception <a 'java/lang/NoSuchMethodError'{0x000000071215e270}: 'java.lang.Object java.lang.invoke.DirectMethodHandle$Holder.invokeInterface(java.lang.Object, java.lang.Object, java.lang.Object)'> (0x000000071215e270) 
thrown [s\open\src\hotspot\share\interpreter\linkResolver.cpp, line 759]
Event: 0.642 Thread 0x0000019655cd00d0 Exception <a 'java/lang/NoSuchMethodError'{0x000000071198f0e0}: 'int java.lang.invoke.DirectMethodHandle$Holder.invokeStaticInit(java.lang.Object, java.lang.Object, java.lang.Object)'> (0x000000071198f0e0) 
thrown [s\open\src\hotspot\share\interpreter\linkResolver.cpp, line 759]

VM Operations (20 events):
Event: 0.113 Executing VM operation: HandshakeAllThreads
Event: 0.113 Executing VM operation: HandshakeAllThreads done
Event: 0.160 Executing VM operation: HandshakeAllThreads
Event: 0.160 Executing VM operation: HandshakeAllThreads done
Event: 0.201 Executing VM operation: HandshakeAllThreads
Event: 0.201 Executing VM operation: HandshakeAllThreads done
Event: 0.308 Executing VM operation: HandshakeAllThreads
Event: 0.308 Executing VM operation: HandshakeAllThreads done
Event: 0.367 Executing VM operation: HandshakeAllThreads
Event: 0.367 Executing VM operation: HandshakeAllThreads done
Event: 0.400 Executing VM operation: HandshakeAllThreads
Event: 0.400 Executing VM operation: HandshakeAllThreads done
Event: 0.429 Executing VM operation: G1CollectForAllocation
Event: 0.434 Executing VM operation: G1CollectForAllocation done
Event: 0.440 Executing VM operation: HandshakeAllThreads
Event: 0.440 Executing VM operation: HandshakeAllThreads done
Event: 0.563 Executing VM operation: G1CollectForAllocation
Event: 0.566 Executing VM operation: G1CollectForAllocation done
Event: 0.626 Executing VM operation: HandshakeAllThreads
Event: 0.626 Executing VM operation: HandshakeAllThreads done

Events (20 events):
Event: 0.640 loading class org/apache/logging/log4j/core/impl/Log4jContextFactory
Event: 0.640 loading class org/apache/logging/log4j/core/impl/Log4jContextFactory done
Event: 0.640 loading class org/apache/logging/log4j/core/impl$Log4jContextFactory
Event: 0.640 loading class org/apache/logging/log4j/core/impl$Log4jContextFactory done
Event: 0.641 loading class org/springframework/boot/logging/java/JavaLoggingSystem/Factory
Event: 0.641 loading class org/springframework/boot/logging/java/JavaLoggingSystem/Factory done
Event: 0.641 loading class org/springframework/boot/logging/java/JavaLoggingSystem$Factory
Event: 0.641 loading class org/springframework/boot/logging/java/JavaLoggingSystem$Factory done
Event: 0.642 loading class org/springframework/core/annotation/AttributeMethods
Event: 0.642 loading class org/springframework/core/annotation/AttributeMethods done
Event: 0.643 loading class org/springframework/core/annotation/AttributeMethods
Event: 0.643 loading class org/springframework/core/annotation/AttributeMethods done
Event: 0.643 loading class org/springframework/core/annotation/AttributeMethods
Event: 0.643 loading class org/springframework/core/annotation/AttributeMethods done
Event: 0.643 loading class org/springframework/core/annotation/AnnotationTypeMappings
Event: 0.643 loading class org/springframework/core/annotation/AnnotationTypeMappings done
Event: 0.644 loading class org/springframework/core/annotation/IntrospectionFailureLogger
Event: 0.644 loading class org/springframework/core/annotation/IntrospectionFailureLogger done
Event: 0.644 loading class org/springframework/core/annotation/IntrospectionFailureLogger$1
Event: 0.644 loading class org/springframework/core/annotation/IntrospectionFailureLogger$1 done


Dynamic libraries:
0x00007ff79c5e0000 - 0x00007ff79c5f0000 	C:\Users\admin\Downloads\jdk-17.0.4.1_windows-x64_bin\jdk-17.0.4.1\bin\java.exe
0x00007ffa51b70000 - 0x00007ffa51d84000 	C:\WINDOWS\SYSTEM32\ntdll.dll
0x00007ffa50520000 - 0x00007ffa505e3000 	C:\WINDOWS\System32\KERNEL32.DLL
0x00007ffa4ef90000 - 0x00007ffa4f32d000 	C:\WINDOWS\System32\KERNELBASE.dll
0x00007ffa4f460000 - 0x00007ffa4f571000 	C:\WINDOWS\System32\ucrtbase.dll
0x00007ffa48560000 - 0x00007ffa48578000 	C:\Users\admin\Downloads\jdk-17.0.4.1_windows-x64_bin\jdk-17.0.4.1\bin\jli.dll
0x00007ffa465c0000 - 0x00007ffa465da000 	C:\Users\admin\Downloads\jdk-17.0.4.1_windows-x64_bin\jdk-17.0.4.1\bin\VCRUNTIME140.dll
0x00007ffa50870000 - 0x00007ffa5091e000 	C:\WINDOWS\System32\ADVAPI32.dll
0x00007ffa50920000 - 0x00007ffa509c7000 	C:\WINDOWS\System32\msvcrt.dll
0x00007ffa50fa0000 - 0x00007ffa51044000 	C:\WINDOWS\System32\sechost.dll
0x00007ffa505f0000 - 0x00007ffa50705000 	C:\WINDOWS\System32\RPCRT4.dll
0x00007ffa51050000 - 0x00007ffa511fd000 	C:\WINDOWS\System32\USER32.dll
0x00007ffa4f580000 - 0x00007ffa4f5a6000 	C:\WINDOWS\System32\win32u.dll
0x00007ffa446a0000 - 0x00007ffa4492e000 	C:\WINDOWS\WinSxS\amd64_microsoft.windows.common-controls_6595b64144ccf1df_6.0.22621.608_none_a9444ca7c10bb01d\COMCTL32.dll
0x00007ffa4fa70000 - 0x00007ffa4fa99000 	C:\WINDOWS\System32\GDI32.dll
0x00007ffa4f7c0000 - 0x00007ffa4f8d2000 	C:\WINDOWS\System32\gdi32full.dll
0x00007ffa4f720000 - 0x00007ffa4f7ba000 	C:\WINDOWS\System32\msvcp_win.dll
0x00007ffa48190000 - 0x00007ffa4819a000 	C:\WINDOWS\SYSTEM32\VERSION.dll
0x00007ffa509d0000 - 0x00007ffa50a02000 	C:\WINDOWS\System32\IMM32.DLL
0x00007ffa44c60000 - 0x00007ffa44c6c000 	C:\Users\admin\Downloads\jdk-17.0.4.1_windows-x64_bin\jdk-17.0.4.1\bin\vcruntime140_1.dll
0x00007ffa208f0000 - 0x00007ffa2097d000 	C:\Users\admin\Downloads\jdk-17.0.4.1_windows-x64_bin\jdk-17.0.4.1\bin\msvcp140.dll
0x00007ff9baca0000 - 0x00007ff9bb862000 	C:\Users\admin\Downloads\jdk-17.0.4.1_windows-x64_bin\jdk-17.0.4.1\bin\server\jvm.dll
0x00007ffa4fc90000 - 0x00007ffa4fc98000 	C:\WINDOWS\System32\PSAPI.DLL
0x00007ffa491f0000 - 0x00007ffa491f9000 	C:\WINDOWS\SYSTEM32\WSOCK32.dll
0x00007ffa48350000 - 0x00007ffa48384000 	C:\WINDOWS\SYSTEM32\WINMM.dll
0x00007ffa4fca0000 - 0x00007ffa4fd11000 	C:\WINDOWS\System32\WS2_32.dll
0x00007ffa4e0e0000 - 0x00007ffa4e0f8000 	C:\WINDOWS\SYSTEM32\kernel.appcore.dll
0x00007ffa44c50000 - 0x00007ffa44c5a000 	C:\Users\admin\Downloads\jdk-17.0.4.1_windows-x64_bin\jdk-17.0.4.1\bin\jimage.dll
0x00007ffa3a780000 - 0x00007ffa3a9ae000 	C:\WINDOWS\SYSTEM32\DBGHELP.DLL
0x00007ffa50b30000 - 0x00007ffa50eba000 	C:\WINDOWS\System32\combase.dll
0x00007ffa50ec0000 - 0x00007ffa50f97000 	C:\WINDOWS\System32\OLEAUT32.dll
0x00007ffa3a080000 - 0x00007ffa3a0b2000 	C:\WINDOWS\SYSTEM32\dbgcore.DLL
0x00007ffa4f8e0000 - 0x00007ffa4f95b000 	C:\WINDOWS\System32\bcryptPrimitives.dll
0x00007ffa424c0000 - 0x00007ffa424ce000 	C:\Users\admin\Downloads\jdk-17.0.4.1_windows-x64_bin\jdk-17.0.4.1\bin\instrument.dll
0x00007ffa44c20000 - 0x00007ffa44c45000 	C:\Users\admin\Downloads\jdk-17.0.4.1_windows-x64_bin\jdk-17.0.4.1\bin\java.dll
0x00007ffa40e90000 - 0x00007ffa40ea8000 	C:\Users\admin\Downloads\jdk-17.0.4.1_windows-x64_bin\jdk-17.0.4.1\bin\zip.dll
0x00007ffa20810000 - 0x00007ffa208e6000 	C:\Users\admin\Downloads\jdk-17.0.4.1_windows-x64_bin\jdk-17.0.4.1\bin\jsvml.dll
0x00007ffa51340000 - 0x00007ffa51b2f000 	C:\WINDOWS\System32\SHELL32.dll
0x00007ffa4cfd0000 - 0x00007ffa4d898000 	C:\WINDOWS\SYSTEM32\windows.storage.dll
0x00007ffa4ce90000 - 0x00007ffa4cfce000 	C:\WINDOWS\SYSTEM32\wintypes.dll
0x00007ffa4fb30000 - 0x00007ffa4fc21000 	C:\WINDOWS\System32\SHCORE.dll
0x00007ffa50770000 - 0x00007ffa507ce000 	C:\WINDOWS\System32\shlwapi.dll
0x00007ffa4eec0000 - 0x00007ffa4eee1000 	C:\WINDOWS\SYSTEM32\profapi.dll
0x00007ffa41730000 - 0x00007ffa41749000 	C:\Users\admin\Downloads\jdk-17.0.4.1_windows-x64_bin\jdk-17.0.4.1\bin\net.dll
0x00007ffa48a70000 - 0x00007ffa48b9f000 	C:\WINDOWS\SYSTEM32\WINHTTP.dll
0x00007ffa4e540000 - 0x00007ffa4e5a9000 	C:\WINDOWS\system32\mswsock.dll
0x00007ffa41700000 - 0x00007ffa41716000 	C:\Users\admin\Downloads\jdk-17.0.4.1_windows-x64_bin\jdk-17.0.4.1\bin\nio.dll
0x00007ffa4dbd0000 - 0x00007ffa4dcc2000 	C:\WINDOWS\SYSTEM32\DNSAPI.dll
0x00007ffa4db60000 - 0x00007ffa4db8d000 	C:\WINDOWS\SYSTEM32\IPHLPAPI.DLL
0x00007ffa4f960000 - 0x00007ffa4f969000 	C:\WINDOWS\System32\NSI.dll
0x00007ffa46a10000 - 0x00007ffa46a1a000 	C:\Windows\System32\rasadhlp.dll
0x00007ffa47d40000 - 0x00007ffa47dc3000 	C:\WINDOWS\System32\fwpuclnt.dll
0x00007ffa405c0000 - 0x00007ffa405c9000 	C:\Users\admin\Downloads\jdk-17.0.4.1_windows-x64_bin\jdk-17.0.4.1\bin\management.dll
0x00007ffa3c5f0000 - 0x00007ffa3c5fb000 	C:\Users\admin\Downloads\jdk-17.0.4.1_windows-x64_bin\jdk-17.0.4.1\bin\management_ext.dll
0x00007ffa4e790000 - 0x00007ffa4e7ab000 	C:\WINDOWS\SYSTEM32\CRYPTSP.dll
0x00007ffa4e050000 - 0x00007ffa4e085000 	C:\WINDOWS\system32\rsaenh.dll
0x00007ffa4e630000 - 0x00007ffa4e658000 	C:\WINDOWS\SYSTEM32\USERENV.dll
0x00007ffa4e930000 - 0x00007ffa4e958000 	C:\WINDOWS\SYSTEM32\bcrypt.dll
0x00007ffa4e7b0000 - 0x00007ffa4e7bc000 	C:\WINDOWS\SYSTEM32\CRYPTBASE.dll
0x00007ffa48c00000 - 0x00007ffa48c19000 	C:\WINDOWS\SYSTEM32\dhcpcsvc6.DLL
0x00007ffa48880000 - 0x00007ffa4889f000 	C:\WINDOWS\SYSTEM32\dhcpcsvc.DLL
0x00007ffa39c90000 - 0x00007ffa39ca7000 	C:\WINDOWS\system32\napinsp.dll
0x00007ffa39c40000 - 0x00007ffa39c5b000 	C:\WINDOWS\system32\pnrpnsp.dll
0x00007ffa39b40000 - 0x00007ffa39b51000 	C:\WINDOWS\System32\winrnr.dll
0x00007ffa47ce0000 - 0x00007ffa47cf5000 	C:\WINDOWS\system32\wshbth.dll
0x00007ffa39b00000 - 0x00007ffa39b21000 	C:\WINDOWS\system32\nlansp_c.dll
0x00007ffa3c1a0000 - 0x00007ffa3c1ba000 	C:\Users\admin\.IdeaIC2019.3\IntelliJ IDEA 2019.3.1\bin\breakgen64.dll

dbghelp: loaded successfully - version: 4.0.5 - missing functions: none
symbol engine: initialized successfully - sym options: 0x614 - pdb path: .;C:\Users\admin\Downloads\jdk-17.0.4.1_windows-x64_bin\jdk-17.0.4.1\bin;C:\WINDOWS\SYSTEM32;C:\WINDOWS\WinSxS\amd64_microsoft.windows.common-controls_6595b64144ccf1df_6.0.22621.608_none_a9444ca7c10bb01d;C:\Users\admin\Downloads\jdk-17.0.4.1_windows-x64_bin\jdk-17.0.4.1\bin\server;C:\Users\admin\.IdeaIC2019.3\IntelliJ IDEA 2019.3.1\bin

VM Arguments:
jvm_args: -javaagent:C:\Users\admin\.IntelliJIdea2019.3\system\testAgent\intellij-coverage-agent-1.0.508.jar=C:\Users\admin\AppData\Local\Temp\coverageargs -XX:TieredStopAtLevel=1 -Xverify:none -Dspring.output.ansi.enabled=always -Dcom.sun.management.jmxremote -Dspring.jmx.enabled=true -Dspring.liveBeansView.mbeanDomain -Dspring.application.admin.enabled=true -Didea.launcher.port=49974 -Didea.launcher.bin.path=C:\Users\admin\.IdeaIC2019.3\IntelliJ IDEA 2019.3.1\bin -Dfile.encoding=UTF-8 
java_command: com.intellij.rt.execution.application.AppMainV2 com.example.baitap5.Baitap5Application
java_class_path (initial): C:\Users\admin\Downloads\baitap5\target\classes;C:\Users\admin\.m2\repository\org\springframework\boot\spring-boot-starter-data-jdbc\3.0.1\spring-boot-starter-data-jdbc-3.0.1.jar;C:\Users\admin\.m2\repository\org\springframework\boot\spring-boot-starter-jdbc\3.0.1\spring-boot-starter-jdbc-3.0.1.jar;C:\Users\admin\.m2\repository\com\zaxxer\HikariCP\5.0.1\HikariCP-5.0.1.jar;C:\Users\admin\.m2\repository\org\springframework\spring-jdbc\6.0.3\spring-jdbc-6.0.3.jar;C:\Users\admin\.m2\repository\org\springframework\data\spring-data-jdbc\3.0.0\spring-data-jdbc-3.0.0.jar;C:\Users\admin\.m2\repository\org\springframework\data\spring-data-relational\3.0.0\spring-data-relational-3.0.0.jar;C:\Users\admin\.m2\repository\org\springframework\data\spring-data-commons\3.0.0\spring-data-commons-3.0.0.jar;C:\Users\admin\.m2\repository\org\springframework\spring-tx\6.0.3\spring-tx-6.0.3.jar;C:\Users\admin\.m2\repository\org\springframework\spring-context\6.0.3\spring-context-6.0.3.jar;C:\Users\admin\.m2\repository\org\springframework\spring-beans\6.0.3\spring-beans-6.0.3.jar;C:\Users\admin\.m2\repository\org\slf4j\slf4j-api\2.0.6\slf4j-api-2.0.6.jar;C:\Users\admin\.m2\repository\org\springframework\boot\spring-boot-devtools\3.0.1\spring-boot-devtools-3.0.1.jar;C:\Users\admin\.m2\repository\org\springframework\boot\spring-boot\3.0.1\spring-boot-3.0.1.jar;C:\Users\admin\.m2\repository\org\springframework\boot\spring-boot-autoconfigure\3.0.1\spring-boot-autoconfigure-3.0.1.jar;C:\Users\admin\.m2\repository\com\mysql\mysql-connector-j\8.0.31\mysql-connector-j-8.0.31.jar;C:\Users\admin\.m2\repository\org\postgresql\postgresql\42.5.1\postgresql-42.5.1.jar;C:\Users\admin\.m2\repository\org\checkerframework\checker-qual\3.5.0\checker-qual-3.5.0.jar;C:\Users\admin\.m2\repository\org\springframework\boot\spring-boot-starter\3.0.1\spring-boot-starter-3.0.1.jar;C:\Users\admin\.m2\repository\org\springframework\boot\spring-boot-starter-logging\3.0.1\spring-boot-starter-
Launcher Type: SUN_STANDARD

[Global flags]
     intx CICompilerCount                          = 4                                         {product} {ergonomic}
     uint ConcGCThreads                            = 3                                         {product} {ergonomic}
     uint G1ConcRefinementThreads                  = 10                                        {product} {ergonomic}
   size_t G1HeapRegionSize                         = 2097152                                   {product} {ergonomic}
    uintx GCDrainStackTargetSize                   = 64                                        {product} {ergonomic}
   size_t InitialHeapSize                          = 266338304                                 {product} {ergonomic}
     bool ManagementServer                         = true                                      {product} {command line}
   size_t MarkStackSize                            = 4194304                                   {product} {ergonomic}
   size_t MaxHeapSize                              = 4255121408                                {product} {ergonomic}
   size_t MaxNewSize                               = 2552233984                                {product} {ergonomic}
   size_t MinHeapDeltaBytes                        = 2097152                                   {product} {ergonomic}
   size_t MinHeapSize                              = 8388608                                   {product} {ergonomic}
    uintx NonProfiledCodeHeapSize                  = 0                                      {pd product} {ergonomic}
     bool ProfileInterpreter                       = false                                  {pd product} {command line}
    uintx ProfiledCodeHeapSize                     = 0                                      {pd product} {ergonomic}
   size_t SoftMaxHeapSize                          = 4255121408                             {manageable} {ergonomic}
     intx TieredStopAtLevel                        = 1                                         {product} {command line}
     bool UseCompressedClassPointers               = true                           {product lp64_product} {ergonomic}
     bool UseCompressedOops                        = true                           {product lp64_product} {ergonomic}
     bool UseG1GC                                  = true                                      {product} {ergonomic}
     bool UseLargePagesIndividualAllocation        = false                                  {pd product} {ergonomic}

Logging:
Log output configuration:
 #0: stdout all=warning uptime,level,tags
 #1: stderr all=off uptime,level,tags

Environment Variables:
PATH=C:\Windows\system32;C:\Windows;C:\Windows\System32\Wbem;C:\Windows\System32\WindowsPowerShell\v1.0\;C:\Windows\System32\OpenSSH\;C:\Program Files (x86)\NVIDIA Corporation\PhysX\Common;C:\Program Files\NVIDIA Corporation\NVIDIA NvDLISR;C:\Program Files\Azure Data Studio\bin;C:\Program Files\Microsoft SQL Server\Client SDK\ODBC\170\Tools\Binn\;C:\WINDOWS\system32;C:\WINDOWS;C:\WINDOWS\System32\Wbem;C:\WINDOWS\System32\WindowsPowerShell\v1.0\;C:\WINDOWS\System32\OpenSSH\;C:\Program Files (x86)\Microsoft SQL Server\150\DTS\Binn\;C:\Program Files (x86)\Microsoft SQL Server\150\Tools\Binn\;C:\Program Files\Microsoft SQL Server\150\Tools\Binn\;C:\Program Files\Microsoft SQL Server\150\DTS\Binn\;C:\Program Files\Microsoft SQL Server\130\Tools\Binn\;C:\Program Files\dotnet\;C:\WINDOWS\system32;C:\WINDOWS;C:\WINDOWS\System32\Wbem;C:\WINDOWS\System32\WindowsPowerShell\v1.0\;C:\WINDOWS\System32\OpenSSH\;C:\Program Files\Git\cmd;C:\Program Files\TortoiseGit\bin;C:\Program Files\MySQL\MySQL Shell 8.0\bin\;C:\Users\admin\AppData\Local\Microsoft\WindowsApps;C:\Program Files\Azure Data Studio\bin;C:\Users\admin\.dotnet\tools;
USERNAME=admin
OS=Windows_NT
PROCESSOR_IDENTIFIER=Intel64 Family 6 Model 158 Stepping 10, GenuineIntel



---------------  S Y S T E M  ---------------

OS:
 Windows 11 , 64 bit Build 22621 (10.0.22621.963)
OS uptime: 9 days 13:29 hours

CPU: total 12 (initial active 12) (6 cores per cpu, 2 threads per core) family 6 model 158 stepping 10 microcode 0xde, cx8, cmov, fxsr, ht, mmx, 3dnowpref, sse, sse2, sse3, ssse3, sse4.1, sse4.2, popcnt, lzcnt, tsc, tscinvbit, avx, avx2, aes, erms, clmul, bmi1, bmi2, adx, fma, vzeroupper, clflush, clflushopt

Memory: 4k page, system-wide physical 16229M (7369M free)
TotalPageFile size 18661M (AvailPageFile size 5123M)
current process WorkingSet (physical memory assigned to process): 91M, peak: 91M
current process commit charge ("private bytes"): 362M, peak: 362M

vm_info: Java HotSpot(TM) 64-Bit Server VM (17.0.4.1+1-LTS-2) for windows-amd64 JRE (17.0.4.1+1-LTS-2), built on Aug 16 2022 18:32:06 by "mach5one" with MS VC++ 16.8 / 16.9 (VS2019)

END.
